<?xml version="1.0" encoding="UTF-8"?>
<!-- Generated by org.testng.reporters.JUnitReportReporter -->
<testsuite hostname="Hosam" failures="0" tests="1" name="Selleniun_start_projects.Selleniun_start_projects.AppTest" time="5.936" errors="0" timestamp="29 Jan 2025 13:01:48 GMT">
  <testcase classname="Selleniun_start_projects.Selleniun_start_projects.AppTest" name="Tests1" time="5.936"/>
</testsuite> <!-- Selleniun_start_projects.Selleniun_start_projects.AppTest -->
