<?xml version="1.0" encoding="UTF-8"?>
<!-- Generated by org.testng.reporters.JUnitReportReporter -->
<testsuite hostname="Hosam" failures="0" tests="4" name="Selleniun_start_projects.Selleniun_start_projects.StringValidationTest" time="0.002" errors="0" timestamp="29 Jan 2025 13:01:48 GMT">
  <testcase classname="Selleniun_start_projects.Selleniun_start_projects.StringValidationTest" name="testValidValueSevenDigits" time="0.001"/>
  <testcase classname="Selleniun_start_projects.Selleniun_start_projects.StringValidationTest" name="testInvalidValueSpecialCharacters" time="0.001"/>
  <testcase classname="Selleniun_start_projects.Selleniun_start_projects.StringValidationTest" name="testInvalidValueEmpty" time="0.000"/>
  <testcase classname="Selleniun_start_projects.Selleniun_start_projects.StringValidationTest" name="testValidValueAlphanumeric" time="0.000"/>
</testsuite> <!-- Selleniun_start_projects.Selleniun_start_projects.StringValidationTest -->
