<?xml version="1.0" encoding="UTF-8"?>
<!-- Generated by org.testng.reporters.JUnitReportReporter -->
<testsuite hostname="Hosam" failures="0" tests="1" name="Selleniun_start_projects.Selleniun_start_projects.AppTest" time="7.958" errors="0" timestamp="22 Jan 2025 19:22:22 GMT">
  <testcase classname="Selleniun_start_projects.Selleniun_start_projects.AppTest" name="Tests1" time="7.958"/>
</testsuite> <!-- Selleniun_start_projects.Selleniun_start_projects.AppTest -->
